[38;5;112m[Appium][0m Welcome to Appium v2.11.3
[38;5;112m[Appium][0m Non-default server args:
[38;5;112m[Appium][0m { basePath: [32m'/wd/hub'[39m, loglevel: [32m'info'[39m, port: [33m35549[39m }
[38;5;112m[Appium][0m Attempting to load driver uiautomator2...
[38;5;112m[Appium][0m Appium REST http interface listener started on http://0.0.0.0:35549/wd/hub
[38;5;112m[Appium][0m You can provide the following URLs in your client code to connect to this server:
	http://192.168.205.190:35549/wd/hub
	http://127.0.0.1:35549/wd/hub (only accessible from the same host)
[38;5;112m[Appium][0m Available drivers:
[38;5;112m[Appium][0m   - uiautomator2@3.7.9 (automationName 'UiAutomator2')
[38;5;112m[Appium][0m No plugins have been installed. Use the "appium plugin" command to install the one(s) you want to use.
[38;5;86m[HTTP][0m [37m-->[39m [37mGET[39m [37m/wd/hub/status[39m [90m{}[39m
[38;5;86m[HTTP][0m [37m<-- GET /wd/hub/status [39m[32m200[39m [90m3 ms - 111[39m [90m[39m
[38;5;86m[HTTP][0m [37m-->[39m [37mGET[39m [37m/wd/hub/status[39m [90m{}[39m
[38;5;86m[HTTP][0m [37m<-- GET /wd/hub/status [39m[32m200[39m [90m1 ms - 111[39m [90m[39m
[38;5;86m[HTTP][0m [37m-->[39m [37mPOST[39m [37m/wd/hub/session[39m [90m{"desiredCapabilities":{"appium:systemPort":35561,"appium:newCommandTimeout":1800,"appium:automationName":"uiautomator2","appium:fullReset":false,"appium:platformVersion":"13","appium:noReset":true,"appium:udid":"11163693C4003530","appium:autoGrantPermissions":true,"appium:platformName":"ANDROID","appium:deviceName":"TECNO TECNO KJ5n (Android 13)","platformName":"Android","appium:app":"D:\\AlgoKelvin\\My_Postingan\\2024\\Oktober 2024\\TesterAutomation\\KatalonMobileAndroid\\TwoNumberOperator-debug.apk"},"capabilities":{"firstMatch":[{"appium:app":"D:\\AlgoKelvin\\My_Postingan\\2024\\Oktober 2024\\TesterAutomation\\KatalonMobileAndroid\\TwoNumberOperator-debug.apk","appium:autoGrantPermissions":true,"appium:automationName":"uiautomator2","appium:deviceName":"TECNO TECNO KJ5n (Android 13)","appium:fullReset":false,"appium:newCommandTimeout":1800,"appium:noReset":true,"appium:platformName":"ANDROID","appium:platformVersion":"13","appium:systemPort":35561,"appium:udid":"11163693C4003530","platformName":"androi...[39m
[38;5;123m[BaseDriver][0m Ignoring capability 'appium:platformName=ANDROID' and using capability 'platformName=android'
[38;5;123m[BaseDriver][0m The capabilities ["platformName"] are standard capabilities and do not require "appium:" prefix
[38;5;112m[Appium][0m Attempting to find matching driver for automationName 'uiautomator2' and platformName 'android'
[38;5;112m[Appium][0m The 'uiautomator2' driver was installed and matched caps.
[38;5;112m[Appium][0m Will require it at C:\Users\kelvi\.appium\node_modules\appium-uiautomator2-driver
[38;5;63m[AppiumDriver@f15a][0m Appium v2.11.3 creating new AndroidUiautomator2Driver (v3.7.9) session
[38;5;63m[AppiumDriver@f15a][0m Checking BaseDriver versions for Appium and AndroidUiautomator2Driver
[38;5;63m[AppiumDriver@f15a][0m Appium's BaseDriver version is 9.11.3
[38;5;63m[AppiumDriver@f15a][0m AndroidUiautomator2Driver's BaseDriver version is 9.11.3
[38;5;207m[4b64c875][0m[38;5;-37m[AndroidUiautomator2Driver@e4a4][0m Session created with session id: 4b64c875-99e1-4330-bde2-b0b0ecaabc46
[38;5;207m[4b64c875][0m[38;5;229m[ADB][0m Found 1 'build-tools' folders under 'C:\Users\kelvi\.katalon\tools\android_sdk' (newest first):
[38;5;207m[4b64c875][0m[38;5;229m[ADB][0m     C:\Users\kelvi\.katalon\tools\android_sdk\build-tools\29.0.3
[38;5;207m[4b64c875][0m[38;5;229m[ADB][0m Using 'adb.exe' from 'C:\Users\kelvi\.katalon\tools\android_sdk\platform-tools\adb.exe'
[38;5;207m[4b64c875][0m[38;5;-37m[AndroidUiautomator2Driver@e4a4][0m Retrieving device list
[38;5;207m[4b64c875][0m[38;5;-37m[AndroidUiautomator2Driver@e4a4][0m Using device: 11163693C4003530
[38;5;207m[4b64c875][0m[38;5;229m[ADB][0m Using 'adb.exe' from 'C:\Users\kelvi\.katalon\tools\android_sdk\platform-tools\adb.exe'
[38;5;207m[4b64c875][0m[38;5;123m[BaseDriver][0m Using local app 'D:\AlgoKelvin\My_Postingan\2024\Oktober 2024\TesterAutomation\KatalonMobileAndroid\TwoNumberOperator-debug.apk'
[38;5;207m[4b64c875][0m[38;5;229m[ADB][0m Getting device platform version
[38;5;207m[4b64c875][0m[38;5;-37m[AndroidUiautomator2Driver@e4a4][0m Relaxing hidden api policy
[38;5;207m[4b64c875][0m[38;5;229m[ADB][0m Using 'aapt2.exe' from 'C:\Users\kelvi\.katalon\tools\android_sdk\build-tools\29.0.3\aapt2.exe'
[38;5;207m[4b64c875][0m[38;5;229m[ADB][0m Package name: 'com.algokelvin.twonumberoperations'
[38;5;207m[4b64c875][0m[38;5;229m[ADB][0m Main activity name: 'com.algokelvin.twonumberoperations.base.MainActivity'
[38;5;207m[4b64c875][0m[38;5;229m[ADB][0m Using 'apksigner.jar' from 'C:\Users\kelvi\.katalon\tools\android_sdk\build-tools\29.0.3\lib\apksigner.jar'
[38;5;207m[4b64c875][0m[38;5;-37m[AndroidUiautomator2Driver@e4a4][0m Server packages are not going to be (re)installed
[38;5;207m[4b64c875][0m[38;5;229m[ADB][0m Adding packages ["io.appium.settings","io.appium.uiautomator2.server","io.appium.uiautomator2.server.test"] to Doze whitelist
[38;5;207m[4b64c875][0m[38;5;229m[ADB][0m 'D:\AlgoKelvin\My_Postingan\2024\Oktober 2024\TesterAutomation\KatalonMobileAndroid\TwoNumberOperator-debug.apk' is signed with a non-default certificate
[38;5;207m[4b64c875][0m[38;5;229m[ADB][0m The application at 'D:\AlgoKelvin\My_Postingan\2024\Oktober 2024\TesterAutomation\KatalonMobileAndroid\TwoNumberOperator-debug.apk' will not be cached, because the device under test has confirmed the support of streamed installs
[38;5;207m[4b64c875][0m[38;5;229m[ADB][0m The installation of 'TwoNumberOperator-debug.apk' took 1534ms
[38;5;207m[4b64c875][0m[38;5;-37m[AndroidUiautomator2Driver@e4a4][0m Starting UIAutomator2 server 7.0.24
[38;5;207m[4b64c875][0m[38;5;-37m[AndroidUiautomator2Driver@e4a4][0m Using UIAutomator2 server from 'C:\Users\kelvi\.appium\node_modules\appium-uiautomator2-driver\node_modules\appium-uiautomator2-server\apks\appium-uiautomator2-server-v7.0.24.apk' and test from 'C:\Users\kelvi\.appium\node_modules\appium-uiautomator2-driver\node_modules\appium-uiautomator2-server\apks\appium-uiautomator2-server-debug-androidTest.apk'
[38;5;207m[4b64c875][0m[38;5;-37m[AndroidUiautomator2Driver@e4a4][0m Waiting up to 30000ms for UiAutomator2 to be online...
[38;5;207m[4b64c875][0m[38;5;-37m[AndroidUiautomator2Driver@e4a4][0m socket hang up
[38;5;207m[4b64c875][0m[38;5;-37m[AndroidUiautomator2Driver@e4a4][0m socket hang up
[38;5;207m[4b64c875][0m[38;5;-37m[AndroidUiautomator2Driver@e4a4][0m socket hang up
[38;5;207m[4b64c875][0m[38;5;-37m[AndroidUiautomator2Driver@e4a4][0m socket hang up
[38;5;207m[4b64c875][0m[38;5;-37m[AndroidUiautomator2Driver@e4a4][0m Determined the downstream protocol as 'W3C'
[38;5;207m[4b64c875][0m[38;5;-37m[AndroidUiautomator2Driver@e4a4][0m Screen already unlocked, doing nothing
[38;5;207m[4b64c875][0m[38;5;-37m[AndroidUiautomator2Driver@e4a4][0m Starting 'com.algokelvin.twonumberoperations/com.algokelvin.twonumberoperations.base.MainActivity and waiting for 'com.algokelvin.twonumberoperations/com.algokelvin.twonumberoperations.base.MainActivity'
[38;5;207m[4b64c875][0m[38;5;63m[AppiumDriver@f15a][0m New AndroidUiautomator2Driver session created successfully, session 4b64c875-99e1-4330-bde2-b0b0ecaabc46 added to master session list
[38;5;207m[4b64c875][0m[38;5;86m[HTTP][0m [37m<-- POST /wd/hub/session [39m[32m200[39m [90m10420 ms - 1347[39m [90m[39m
[38;5;207m[4b64c875][0m[38;5;86m[HTTP][0m [37m-->[39m [37mGET[39m [37m/wd/hub/session/4b64c875-99e1-4330-bde2-b0b0ecaabc46[39m [90m{}[39m
[38;5;207m[4b64c875][0m[38;5;86m[HTTP][0m [37m<-- GET /wd/hub/session/4b64c875-99e1-4330-bde2-b0b0ecaabc46 [39m[32m200[39m [90m25 ms - 415[39m [90m[39m
[38;5;207m[4b64c875][0m[38;5;86m[HTTP][0m [37m-->[39m [37mGET[39m [37m/wd/hub/session/4b64c875-99e1-4330-bde2-b0b0ecaabc46[39m [90m{}[39m
[38;5;207m[4b64c875][0m[38;5;86m[HTTP][0m [37m<-- GET /wd/hub/session/4b64c875-99e1-4330-bde2-b0b0ecaabc46 [39m[32m200[39m [90m32 ms - 415[39m [90m[39m
[38;5;86m[HTTP][0m [37m-->[39m [37mGET[39m [37m/wd/hub/status[39m [90m{}[39m
[38;5;86m[HTTP][0m [37m<-- GET /wd/hub/status [39m[32m200[39m [90m1 ms - 111[39m [90m[39m
[38;5;207m[4b64c875][0m[38;5;86m[HTTP][0m [37m-->[39m [37mPOST[39m [37m/wd/hub/session/4b64c875-99e1-4330-bde2-b0b0ecaabc46/timeouts[39m [90m{"implicit":60000}[39m
[38;5;207m[4b64c875][0m[38;5;86m[HTTP][0m [37m<-- POST /wd/hub/session/4b64c875-99e1-4330-bde2-b0b0ecaabc46/timeouts [39m[32m200[39m [90m2 ms - 14[39m [90m[39m
[38;5;207m[4b64c875][0m[38;5;86m[HTTP][0m [37m-->[39m [37mGET[39m [37m/wd/hub/session/4b64c875-99e1-4330-bde2-b0b0ecaabc46/source[39m [90m{}[39m
[38;5;207m[4b64c875][0m[38;5;-37m[AndroidUiautomator2Driver@e4a4][0m Driver proxy active, passing request on via HTTP proxy
[38;5;207m[4b64c875][0m[38;5;-37m[AndroidUiautomator2Driver@e4a4][0m Replacing sessionId b93ddf5d-5e77-4da9-b97f-9a18bfe199a6 with 4b64c875-99e1-4330-bde2-b0b0ecaabc46
[38;5;207m[4b64c875][0m[38;5;86m[HTTP][0m [37m<-- GET /wd/hub/session/4b64c875-99e1-4330-bde2-b0b0ecaabc46/source [39m[32m200[39m [90m391 ms - 8172[39m [90m[39m
[38;5;207m[4b64c875][0m[38;5;86m[HTTP][0m [37m-->[39m [37mGET[39m [37m/wd/hub/session/4b64c875-99e1-4330-bde2-b0b0ecaabc46/screenshot[39m [90m{}[39m
[38;5;207m[4b64c875][0m[38;5;86m[HTTP][0m [37m<-- GET /wd/hub/session/4b64c875-99e1-4330-bde2-b0b0ecaabc46/screenshot [39m[32m200[39m [90m545 ms - 64712[39m [90m[39m
[38;5;207m[4b64c875][0m[38;5;-37m[AndroidUiautomator2Driver@e4a4][0m Shutting down because we waited 1800 seconds for a command
[38;5;207m[4b64c875][0m[38;5;63m[AppiumDriver@f15a][0m Ending session, cause was 'New Command Timeout of 1800 seconds expired. Try customizing the timeout using the 'newCommandTimeout' desired capability'
[38;5;207m[4b64c875][0m[38;5;63m[AppiumDriver@f15a][0m Removing session '4b64c875-99e1-4330-bde2-b0b0ecaabc46' from our master session list
[38;5;207m[4b64c875][0m[38;5;-37m[AndroidUiautomator2Driver@e4a4][0m Did not get confirmation UiAutomator2 deleteSession worked; Error was: UnknownError: An unknown server-side error occurred while processing the command. Original error: 'DELETE /' cannot be proxied to UiAutomator2 server because the instrumentation process is not running (probably crashed). Check the server log and/or the logcat output for more details
[38;5;207m[4b64c875][0m[38;5;-37m[AndroidUiautomator2Driver@e4a4][0m Restoring hidden api policy to the device default configuration
