[35m[Appium][39m Welcome to Appium v1.22.3
[35m[Appium][39m Non-default server args:
[35m[Appium][39m   port: 59572
[35m[Appium][39m   loglevel: info
[35m[Appium][39m   tmpDir: /var/folders/4n/xl7cd5bn1zx_49168qg_csb80000gn/T//Katalon/Appium/Temp1656485952003
[35m[Appium][39m   chromedriverPort: 59573
[35m[Appium][39m Deprecated server args:
[35m[Appium][39m   [31m--chromedriver-port[39m => --default-capabilities
[35m[Appium][39m Default capabilities, which will be added to each request unless overridden by desired capabilities:
[35m[Appium][39m   chromedriverPort: 59573
[35m[Appium][39m Appium REST http interface listener started on 0.0.0.0:59572
[35m[HTTP][39m [37m-->[39m [37mGET[39m [37m/wd/hub/status[39m
[35m[HTTP][39m [90m{}[39m
[35m[HTTP][39m [37m<-- GET /wd/hub/status [39m[32m200[39m [90m9 ms - 68[39m
[35m[HTTP][39m [90m[39m
[35m[HTTP][39m [37m-->[39m [37mGET[39m [37m/wd/hub/status[39m
[35m[HTTP][39m [90m{}[39m
[35m[HTTP][39m [37m<-- GET /wd/hub/status [39m[32m200[39m [90m1 ms - 68[39m
[35m[HTTP][39m [90m[39m
[35m[HTTP][39m [37m-->[39m [37mPOST[39m [37m/wd/hub/session[39m
[35m[HTTP][39m [90m{"desiredCapabilities":{"app":"/Users/kelvin-tsm/Kelvin/MyProject/play-tester-automation/KatalonStudies/android-input-output-debug.apk","noReset":true,"deviceName":"vivo V2120 (Android 12)","fullReset":false,"platform":"ANDROID","newCommandTimeout":1800,"platformVersion":"12","automationName":"uiautomator2","autoGrantPermissions":true,"platformName":"Android","udid":"33106553670005S","systemPort":59585},"capabilities":{"firstMatch":[{"appium:app":"/Users/kelvin-tsm/Kelvin/MyProject/play-tester-automation/KatalonStudies/android-input-output-debug.apk","appium:autoGrantPermissions":true,"appium:automationName":"uiautomator2","appium:deviceName":"vivo V2120 (Android 12)","appium:fullReset":false,"appium:newCommandTimeout":1800,"appium:noReset":true,"platform":"ANDROID","platformName":"android","appium:platformVersion":"12","appium:systemPort":59585,"appium:udid":"33106553670005S"}]}}[39m
[35m[BaseDriver][39m The following capabilities are not standard capabilities and should have an extension prefix:
[35m[BaseDriver][39m   platform
[35m[BaseDriver][39m   chromedriverPort
[35m[Appium][39m Appium v1.22.3 creating new AndroidUiautomator2Driver (v1.70.1) session
[35m[BaseDriver][39m The following capabilities were provided, but are not recognized by Appium:
[35m[BaseDriver][39m   platform
[35m[BaseDriver][39m Session created with session id: 5186c8d8-a404-4135-aab1-9f4dddd6cde6
[35m[BaseDriver][39m Using local app '/Users/kelvin-tsm/Kelvin/MyProject/play-tester-automation/KatalonStudies/android-input-output-debug.apk'
[35m[ADB][39m Found 1 'build-tools' folders under '/Users/kelvin-tsm/.katalon/tools/android_sdk' (newest first):
[35m[ADB][39m     /Users/kelvin-tsm/.katalon/tools/android_sdk/build-tools/29.0.3
[35m[ADB][39m Using 'adb' from '/Users/kelvin-tsm/.katalon/tools/android_sdk/platform-tools/adb'
[35m[AndroidDriver][39m Retrieving device list
[35m[AndroidDriver][39m Using device: 33106553670005S
[35m[ADB][39m Using 'adb' from '/Users/kelvin-tsm/.katalon/tools/android_sdk/platform-tools/adb'
[35m[ADB][39m Getting device platform version
[35m[UiAutomator2][39m Relaxing hidden api policy
[35m[ADB][39m Package name: 'algokelvin.app.inputoutput'
[35m[ADB][39m Main activity name: 'algokelvin.app.inputoutput.MainActivity'
[35m[ADB][39m Using 'apksigner.jar' from '/Users/kelvin-tsm/.katalon/tools/android_sdk/build-tools/29.0.3/lib/apksigner.jar'
[35m[ADB][39m '/usr/local/lib/node_modules/appium/node_modules/appium-uiautomator2-server/apks/appium-uiautomator2-server-v4.27.0.apk' is signed with the default certificate
[35m[ADB][39m '/usr/local/lib/node_modules/appium/node_modules/appium-uiautomator2-server/apks/appium-uiautomator2-server-debug-androidTest.apk' is signed with the default certificate
[35m[UiAutomator2][39m Server packages are not going to be (re)installed
[35m[ADB][39m Adding packages ["io.appium.settings","io.appium.uiautomator2.server","io.appium.uiautomator2.server.test"] to Doze whitelist
[35m[ADB][39m '/Users/kelvin-tsm/Kelvin/MyProject/play-tester-automation/KatalonStudies/android-input-output-debug.apk' is signed with a non-default certificate
[35m[ADB][39m The application at '/Users/kelvin-tsm/Kelvin/MyProject/play-tester-automation/KatalonStudies/android-input-output-debug.apk' will not be cached, because the device under test has confirmed the support of streamed installs
[35m[ADB][39m The installation of 'android-input-output-debug.apk' took 898ms
[35m[UiAutomator2][39m Starting UIAutomator2 server 4.27.0
[35m[UiAutomator2][39m Using UIAutomator2 server from '/usr/local/lib/node_modules/appium/node_modules/appium-uiautomator2-server/apks/appium-uiautomator2-server-v4.27.0.apk' and test from '/usr/local/lib/node_modules/appium/node_modules/appium-uiautomator2-server/apks/appium-uiautomator2-server-debug-androidTest.apk'
[35m[UiAutomator2][39m Waiting up to 30000ms for UiAutomator2 to be online...
[35m[WD Proxy][39m socket hang up
[35m[WD Proxy][39m socket hang up
[35m[WD Proxy][39m socket hang up
[35m[WD Proxy][39m socket hang up
[35m[WD Proxy][39m socket hang up
[35m[WD Proxy][39m Determined the downstream protocol as 'W3C'
[35m[AndroidDriver][39m Screen already unlocked, doing nothing
[35m[UiAutomator2][39m Starting 'algokelvin.app.inputoutput/algokelvin.app.inputoutput.MainActivity and waiting for 'algokelvin.app.inputoutput/algokelvin.app.inputoutput.MainActivity'
[35m[Appium][39m New AndroidUiautomator2Driver session created successfully, session 5186c8d8-a404-4135-aab1-9f4dddd6cde6 added to master session list
[35m[HTTP][39m [37m<-- POST /wd/hub/session [39m[32m200[39m [90m14188 ms - 1370[39m
[35m[HTTP][39m [90m[39m
[35m[HTTP][39m [37m-->[39m [37mGET[39m [37m/wd/hub/session/5186c8d8-a404-4135-aab1-9f4dddd6cde6[39m
[35m[HTTP][39m [90m{}[39m
[35m[HTTP][39m [37m<-- GET /wd/hub/session/5186c8d8-a404-4135-aab1-9f4dddd6cde6 [39m[32m200[39m [90m31 ms - 1324[39m
[35m[HTTP][39m [90m[39m
[35m[HTTP][39m [37m-->[39m [37mGET[39m [37m/wd/hub/session/5186c8d8-a404-4135-aab1-9f4dddd6cde6[39m
[35m[HTTP][39m [90m{}[39m
[35m[HTTP][39m [37m<-- GET /wd/hub/session/5186c8d8-a404-4135-aab1-9f4dddd6cde6 [39m[32m200[39m [90m24 ms - 1324[39m
[35m[HTTP][39m [90m[39m
[35m[HTTP][39m [37m-->[39m [37mGET[39m [37m/wd/hub/status[39m
[35m[HTTP][39m [90m{}[39m
[35m[HTTP][39m [37m<-- GET /wd/hub/status [39m[32m200[39m [90m2 ms - 68[39m
[35m[HTTP][39m [90m[39m
[35m[HTTP][39m [37m-->[39m [37mPOST[39m [37m/wd/hub/session/5186c8d8-a404-4135-aab1-9f4dddd6cde6/timeouts[39m
[35m[HTTP][39m [90m{"implicit":60000}[39m
[35m[HTTP][39m [37m<-- POST /wd/hub/session/5186c8d8-a404-4135-aab1-9f4dddd6cde6/timeouts [39m[32m200[39m [90m3 ms - 14[39m
[35m[HTTP][39m [90m[39m
[35m[HTTP][39m [37m-->[39m [37mGET[39m [37m/wd/hub/session/5186c8d8-a404-4135-aab1-9f4dddd6cde6/source[39m
[35m[HTTP][39m [90m{}[39m
[35m[W3C (5186c8d8)][39m Driver proxy active, passing request on via HTTP proxy
[35m[WD Proxy][39m Replacing sessionId b2db6f15-9614-4aae-a735-0494f4031c90 with 5186c8d8-a404-4135-aab1-9f4dddd6cde6
[35m[HTTP][39m [37m<-- GET /wd/hub/session/5186c8d8-a404-4135-aab1-9f4dddd6cde6/source [39m[32m200[39m [90m767 ms - 5556[39m
[35m[HTTP][39m [90m[39m
[35m[HTTP][39m [37m-->[39m [37mGET[39m [37m/wd/hub/session/5186c8d8-a404-4135-aab1-9f4dddd6cde6/screenshot[39m
[35m[HTTP][39m [90m{}[39m
[35m[HTTP][39m [37m<-- GET /wd/hub/session/5186c8d8-a404-4135-aab1-9f4dddd6cde6/screenshot [39m[32m200[39m [90m672 ms - 46570[39m
[35m[HTTP][39m [90m[39m
[35m[HTTP][39m [37m-->[39m [37mGET[39m [37m/wd/hub/session/5186c8d8-a404-4135-aab1-9f4dddd6cde6/source[39m
[35m[HTTP][39m [90m{}[39m
[35m[W3C (5186c8d8)][39m Driver proxy active, passing request on via HTTP proxy
[35m[WD Proxy][39m Replacing sessionId b2db6f15-9614-4aae-a735-0494f4031c90 with 5186c8d8-a404-4135-aab1-9f4dddd6cde6
[35m[HTTP][39m [37m<-- GET /wd/hub/session/5186c8d8-a404-4135-aab1-9f4dddd6cde6/source [39m[32m200[39m [90m268 ms - 5546[39m
[35m[HTTP][39m [90m[39m
[35m[HTTP][39m [37m-->[39m [37mGET[39m [37m/wd/hub/session/5186c8d8-a404-4135-aab1-9f4dddd6cde6/screenshot[39m
[35m[HTTP][39m [90m{}[39m
[35m[HTTP][39m [37m<-- GET /wd/hub/session/5186c8d8-a404-4135-aab1-9f4dddd6cde6/screenshot [39m[32m200[39m [90m658 ms - 109312[39m
[35m[HTTP][39m [90m[39m
[35m[HTTP][39m [37m-->[39m [37mGET[39m [37m/wd/hub/session/5186c8d8-a404-4135-aab1-9f4dddd6cde6/source[39m
[35m[HTTP][39m [90m{}[39m
[35m[W3C (5186c8d8)][39m Driver proxy active, passing request on via HTTP proxy
[35m[WD Proxy][39m Replacing sessionId b2db6f15-9614-4aae-a735-0494f4031c90 with 5186c8d8-a404-4135-aab1-9f4dddd6cde6
[35m[HTTP][39m [37m<-- GET /wd/hub/session/5186c8d8-a404-4135-aab1-9f4dddd6cde6/source [39m[32m200[39m [90m265 ms - 5546[39m
[35m[HTTP][39m [90m[39m
[35m[HTTP][39m [37m-->[39m [37mGET[39m [37m/wd/hub/session/5186c8d8-a404-4135-aab1-9f4dddd6cde6/screenshot[39m
[35m[HTTP][39m [90m{}[39m
[35m[HTTP][39m [37m<-- GET /wd/hub/session/5186c8d8-a404-4135-aab1-9f4dddd6cde6/screenshot [39m[32m200[39m [90m706 ms - 109234[39m
[35m[HTTP][39m [90m[39m
[35m[HTTP][39m [37m-->[39m [37mPOST[39m [37m/wd/hub/session/5186c8d8-a404-4135-aab1-9f4dddd6cde6/elements[39m
[35m[HTTP][39m [90m{"using":"xpath","value":"//*[@class = 'android.widget.Button' and (@text = 'LOGIN' or . = 'LOGIN') and @resource-id = 'algokelvin.app.inputoutput:id/btn_login']"}[39m
[35m[HTTP][39m [37m<-- POST /wd/hub/session/5186c8d8-a404-4135-aab1-9f4dddd6cde6/elements [39m[32m200[39m [90m1112 ms - 139[39m
[35m[HTTP][39m [90m[39m
[35m[HTTP][39m [37m-->[39m [37mGET[39m [37m/wd/hub/session/5186c8d8-a404-4135-aab1-9f4dddd6cde6/source[39m
[35m[HTTP][39m [90m{}[39m
[35m[W3C (5186c8d8)][39m Driver proxy active, passing request on via HTTP proxy
[35m[WD Proxy][39m Replacing sessionId b2db6f15-9614-4aae-a735-0494f4031c90 with 5186c8d8-a404-4135-aab1-9f4dddd6cde6
[35m[HTTP][39m [37m<-- GET /wd/hub/session/5186c8d8-a404-4135-aab1-9f4dddd6cde6/source [39m[32m200[39m [90m183 ms - 5546[39m
[35m[HTTP][39m [90m[39m
[35m[HTTP][39m [37m-->[39m [37mGET[39m [37m/wd/hub/session/5186c8d8-a404-4135-aab1-9f4dddd6cde6/screenshot[39m
[35m[HTTP][39m [90m{}[39m
[35m[HTTP][39m [37m<-- GET /wd/hub/session/5186c8d8-a404-4135-aab1-9f4dddd6cde6/screenshot [39m[32m200[39m [90m678 ms - 109312[39m
[35m[HTTP][39m [90m[39m
[35m[HTTP][39m [37m-->[39m [37mGET[39m [37m/wd/hub/session/5186c8d8-a404-4135-aab1-9f4dddd6cde6/source[39m
[35m[HTTP][39m [90m{}[39m
[35m[W3C (5186c8d8)][39m Driver proxy active, passing request on via HTTP proxy
[35m[WD Proxy][39m Replacing sessionId b2db6f15-9614-4aae-a735-0494f4031c90 with 5186c8d8-a404-4135-aab1-9f4dddd6cde6
[35m[HTTP][39m [37m<-- GET /wd/hub/session/5186c8d8-a404-4135-aab1-9f4dddd6cde6/source [39m[32m200[39m [90m248 ms - 5546[39m
[35m[HTTP][39m [90m[39m
[35m[HTTP][39m [37m-->[39m [37mGET[39m [37m/wd/hub/session/5186c8d8-a404-4135-aab1-9f4dddd6cde6/screenshot[39m
[35m[HTTP][39m [90m{}[39m
[35m[HTTP][39m [37m<-- GET /wd/hub/session/5186c8d8-a404-4135-aab1-9f4dddd6cde6/screenshot [39m[32m200[39m [90m710 ms - 109234[39m
[35m[HTTP][39m [90m[39m
[35m[HTTP][39m [37m-->[39m [37mGET[39m [37m/wd/hub/session/5186c8d8-a404-4135-aab1-9f4dddd6cde6/source[39m
[35m[HTTP][39m [90m{}[39m
[35m[W3C (5186c8d8)][39m Driver proxy active, passing request on via HTTP proxy
[35m[WD Proxy][39m Replacing sessionId b2db6f15-9614-4aae-a735-0494f4031c90 with 5186c8d8-a404-4135-aab1-9f4dddd6cde6
[35m[HTTP][39m [37m<-- GET /wd/hub/session/5186c8d8-a404-4135-aab1-9f4dddd6cde6/source [39m[32m200[39m [90m193 ms - 5098[39m
[35m[HTTP][39m [90m[39m
[35m[HTTP][39m [37m-->[39m [37mGET[39m [37m/wd/hub/session/5186c8d8-a404-4135-aab1-9f4dddd6cde6/screenshot[39m
[35m[HTTP][39m [90m{}[39m
[35m[HTTP][39m [37m<-- GET /wd/hub/session/5186c8d8-a404-4135-aab1-9f4dddd6cde6/screenshot [39m[32m200[39m [90m611 ms - 35852[39m
[35m[HTTP][39m [90m[39m
[35m[HTTP][39m [37m-->[39m [37mPOST[39m [37m/wd/hub/session/5186c8d8-a404-4135-aab1-9f4dddd6cde6/elements[39m
[35m[HTTP][39m [90m{"using":"xpath","value":"//*[@class = 'android.widget.TextView' and (@text = 'kelvin' or . = 'kelvin') and @resource-id = 'algokelvin.app.inputoutput:id/txt_name']"}[39m
[35m[HTTP][39m [37m<-- POST /wd/hub/session/5186c8d8-a404-4135-aab1-9f4dddd6cde6/elements [39m[32m200[39m [90m305 ms - 139[39m
[35m[HTTP][39m [90m[39m
[35m[HTTP][39m [37m-->[39m [37mDELETE[39m [37m/wd/hub/session/5186c8d8-a404-4135-aab1-9f4dddd6cde6[39m
[35m[HTTP][39m [90m{}[39m
[35m[Appium][39m Removing session 5186c8d8-a404-4135-aab1-9f4dddd6cde6 from our master session list
[35m[UiAutomator2][39m Restoring hidden api policy to the device default configuration
[35m[HTTP][39m [37m<-- DELETE /wd/hub/session/5186c8d8-a404-4135-aab1-9f4dddd6cde6 [39m[32m200[39m [90m414 ms - 14[39m
[35m[HTTP][39m [90m[39m
